生成启动时间为 2016/11/15 星期二 9:26:57。
     1>项目“E:\MyProject\lasercuttermachine\LasercuttingmachineUI\SplineLibrary\SplineLibrary.vcxproj”在节点 5 上(Rebuild 个目标)。
     1>ClCompile:
         D:\Program Files\Microsoft Visual Studio 12.0\VC\bin\CL.exe /c /ZI /nologo /W3 /WX- /sdl /Od /Oy- /D WIN32 /D _WINDOWS /D _DEBUG /D _USRDLL /D _WINDLL /D _UNICODE /D UNICODE /D _AFXDLL /Gm /EHsc /RTC1 /MDd /GS /fp:precise /Zc:wchar_t /Zc:forScope /Yc"stdafx.h" /Fp"Debug\SplineLibrary.pch" /Fo"Debug\\" /Fd"Debug\vc120.pdb" /Gd /TP /analyze- /errorReport:prompt stdafx.cpp
         stdafx.cpp
         D:\Program Files\Microsoft Visual Studio 12.0\VC\bin\CL.exe /c /ZI /nologo /W3 /WX- /sdl /Od /Oy- /D WIN32 /D _WINDOWS /D _DEBUG /D _USRDLL /D _WINDLL /D _UNICODE /D UNICODE /D _AFXDLL /Gm /EHsc /RTC1 /MDd /GS /fp:precise /Zc:wchar_t /Zc:forScope /Yu"stdafx.h" /Fp"Debug\SplineLibrary.pch" /Fo"Debug\\" /Fd"Debug\vc120.pdb" /Gd /TP /analyze- /errorReport:prompt 3BSpline.cpp ExportSplinePoint.cpp Point3D.cpp SplineLibrary.cpp
         SplineLibrary.cpp
         Point3D.cpp
         ExportSplinePoint.cpp
     1>e:\myproject\lasercuttermachine\lasercuttingmachineui\splinelibrary\exportsplinepoint.cpp(72): warning C4018: “<”: 有符号/无符号不匹配
         3BSpline.cpp
         正在生成代码...
       ResourceCompile:
         C:\Program Files (x86)\Windows Kits\8.1\bin\x86\rc.exe /D _DEBUG /D _UNICODE /D UNICODE /D _AFXDLL /l"0x0804" /IDebug\ /nologo /fo"Debug\SplineLibrary.res" SplineLibrary.rc 
       Link:
         D:\Program Files\Microsoft Visual Studio 12.0\VC\bin\link.exe /ERRORREPORT:PROMPT /OUT:"E:\MyProject\lasercuttermachine\LasercuttingmachineUI\Debug\SplineLibrary.dll" /INCREMENTAL /NOLOGO /DEF:".\SplineLibrary.def" /MANIFEST /MANIFESTUAC:"level='asInvoker' uiAccess='false'" /manifest:embed /manifestinput:"D:\Program Files\Microsoft Visual Studio 12.0\VC\Include\Manifest\dpiaware.manifest" /DEBUG /PDB:"E:\MyProject\lasercuttermachine\LasercuttingmachineUI\Debug\SplineLibrary.pdb" /SUBSYSTEM:WINDOWS /TLBID:1 /DYNAMICBASE /NXCOMPAT /IMPLIB:"E:\MyProject\lasercuttermachine\LasercuttingmachineUI\Debug\SplineLibrary.lib" /MACHINE:X86 /DLL Debug\SplineLibrary.res
         Debug\3BSpline.obj
         Debug\ExportSplinePoint.obj
         Debug\Point3D.obj
         Debug\SplineLibrary.obj
         Debug\stdafx.obj
            正在创建库 E:\MyProject\lasercuttermachine\LasercuttingmachineUI\Debug\SplineLibrary.lib 和对象 E:\MyProject\lasercuttermachine\LasercuttingmachineUI\Debug\SplineLibrary.exp
         SplineLibrary.vcxproj -> E:\MyProject\lasercuttermachine\LasercuttingmachineUI\Debug\SplineLibrary.dll
     1>已完成生成项目“E:\MyProject\lasercuttermachine\LasercuttingmachineUI\SplineLibrary\SplineLibrary.vcxproj”(Rebuild 个目标)的操作。

生成成功。

已用时间 00:00:17.18
